\BOOKMARK [0][-]{chapter*.1}{List of Figures}{}% 1
\BOOKMARK [0][-]{chapter*.2}{List of Tables}{}% 2
\BOOKMARK [0][-]{chapter*.3}{List of procedures}{}% 3
\BOOKMARK [0][-]{chapter.1}{Introduction}{}% 4
\BOOKMARK [1][-]{section.1.1}{Control room}{chapter.1}% 5
\BOOKMARK [1][-]{section.1.2}{Overview of operations}{chapter.1}% 6
\BOOKMARK [1][-]{section.1.3}{Security}{chapter.1}% 7
\BOOKMARK [1][-]{section.1.4}{Telescope building}{chapter.1}% 8
\BOOKMARK [0][-]{chapter.2}{Early afternoon: daily start-up}{}% 9
\BOOKMARK [1][-]{section.2.1}{Outline}{chapter.2}% 10
\BOOKMARK [1][-]{section.2.2}{WFI startup}{chapter.2}% 11
\BOOKMARK [1][-]{section.2.3}{TCS startup}{chapter.2}% 12
\BOOKMARK [1][-]{section.2.4}{FEROS startup}{chapter.2}% 13
\BOOKMARK [1][-]{section.2.5}{GROND and FEROS AG}{chapter.2}% 14
\BOOKMARK [1][-]{section.2.6}{FEROS DRS}{chapter.2}% 15
\BOOKMARK [1][-]{section.2.7}{Additional material}{chapter.2}% 16
\BOOKMARK [0][-]{chapter.3}{Afternoon: Day-time calibrations}{}% 17
\BOOKMARK [1][-]{section.3.1}{WFI}{chapter.3}% 18
\BOOKMARK [1][-]{section.3.2}{FEROS}{chapter.3}% 19
\BOOKMARK [1][-]{section.3.3}{GROND}{chapter.3}% 20
\BOOKMARK [0][-]{chapter.4}{Sunset: Getting ready}{}% 21
\BOOKMARK [1][-]{section.4.1}{Opening}{chapter.4}% 22
\BOOKMARK [1][-]{section.4.2}{Telescope readying}{chapter.4}% 23
\BOOKMARK [1][-]{section.4.3}{Making the instruments ready \(at sunset\)}{chapter.4}% 24
\BOOKMARK [1][-]{section.4.4}{Refining the night plan}{chapter.4}% 25
\BOOKMARK [0][-]{chapter.5}{Twilight: On-sky calibrations}{}% 26
\BOOKMARK [1][-]{section.5.1}{Outline}{chapter.5}% 27
\BOOKMARK [1][-]{section.5.2}{WFI}{chapter.5}% 28
\BOOKMARK [1][-]{section.5.3}{FEROS}{chapter.5}% 29
\BOOKMARK [1][-]{section.5.4}{GROND}{chapter.5}% 30
\BOOKMARK [0][-]{chapter.6}{Night: Observing}{}% 31
\BOOKMARK [1][-]{section.6.1}{WFI}{chapter.6}% 32
\BOOKMARK [1][-]{section.6.2}{FEROS}{chapter.6}% 33
\BOOKMARK [1][-]{section.6.3}{GROND}{chapter.6}% 34
\BOOKMARK [1][-]{section.6.4}{All instruments}{chapter.6}% 35
\BOOKMARK [0][-]{chapter.7}{Morning: Closing \046 Calibrations}{}% 36
\BOOKMARK [1][-]{section.7.1}{Panels referred to}{chapter.7}% 37
\BOOKMARK [1][-]{section.7.2}{Telescope}{chapter.7}% 38
\BOOKMARK [1][-]{section.7.3}{Instruments}{chapter.7}% 39
\BOOKMARK [1][-]{section.7.4}{Dome}{chapter.7}% 40
\BOOKMARK [1][-]{section.7.5}{Tidying folders}{chapter.7}% 41
\BOOKMARK [1][-]{section.7.6}{Health checks \046 internal calibrations}{chapter.7}% 42
\BOOKMARK [0][-]{chapter.8}{Managing observing blocks}{}% 43
\BOOKMARK [1][-]{section.8.1}{Transferring OBs from one's laptop}{chapter.8}% 44
\BOOKMARK [1][-]{section.8.2}{OT}{chapter.8}% 45
\BOOKMARK [0][-]{chapter.9}{Software maintenance}{}% 46
\BOOKMARK [1][-]{section.9.1}{Monthly}{chapter.9}% 47
\BOOKMARK [1][-]{section.9.2}{Every six months}{chapter.9}% 48
\BOOKMARK [0][-]{chapter.10}{Troubleshooting}{}% 49
\BOOKMARK [1][-]{section.10.1}{No flux or little flux}{chapter.10}% 50
\BOOKMARK [1][-]{section.10.2}{Autoguider camera fails}{chapter.10}% 51
\BOOKMARK [1][-]{section.10.3}{OB doesn't work}{chapter.10}% 52
\BOOKMARK [1][-]{section.10.4}{Focus issues}{chapter.10}% 53
\BOOKMARK [1][-]{section.10.5}{FEROS ADC}{chapter.10}% 54
\BOOKMARK [1][-]{section.10.6}{FEROS-DRS}{chapter.10}% 55
\BOOKMARK [1][-]{section.10.7}{Startup issues}{chapter.10}% 56
\BOOKMARK [1][-]{section.10.8}{TCS issues}{chapter.10}% 57
\BOOKMARK [1][-]{section.10.9}{GROND issues}{chapter.10}% 58
\BOOKMARK [1][-]{section.10.10}{Freezing issues}{chapter.10}% 59
\BOOKMARK [1][-]{section.10.11}{Pointing issues}{chapter.10}% 60
\BOOKMARK [1][-]{section.10.12}{Web pages}{chapter.10}% 61
\BOOKMARK [1][-]{section.10.13}{ESO database issues}{chapter.10}% 62
\BOOKMARK [1][-]{section.10.14}{Miscellaneous}{chapter.10}% 63
\BOOKMARK [0][-]{chapter.11}{Main systems}{}% 64
\BOOKMARK [1][-]{section.11.1}{Telescope control software}{chapter.11}% 65
\BOOKMARK [1][-]{section.11.2}{WFI}{chapter.11}% 66
\BOOKMARK [1][-]{section.11.3}{FEROS}{chapter.11}% 67
\BOOKMARK [1][-]{section.11.4}{GROND}{chapter.11}% 68
\BOOKMARK [1][-]{section.11.5}{P2PP and OT}{chapter.11}% 69
\BOOKMARK [1][-]{section.11.6}{FEROS reduction software}{chapter.11}% 70
\BOOKMARK [1][-]{section.11.7}{Dome controls}{chapter.11}% 71
\BOOKMARK [1][-]{section.11.8}{Computers}{chapter.11}% 72
\BOOKMARK [0][-]{chapter*.19}{Glossary}{}% 73
